<!DOCTYPE html PUBLIC "-//W3C//DTD XHTML 1.1//EN" "https://www.w3.org/TR/xhtml11/DTD/xhtml11.dtd">
<html xmlns="https://www.w3.org/1999/xhtml">
<head>
<meta charset='utf-8'>
<title>TestNG Report</title>
<style type="text/css">
table {margin-bottom:10px;border-collapse:collapse;empty-cells:show}
td,th {border:1px solid #009;padding:.25em .5em}
.result th {vertical-align:bottom}
.param th {padding-left:1em;padding-right:1em}
.param td {padding-left:.5em;padding-right:2em}
.stripe td,.stripe th {background-color: #E6EBF9}
.numi,.numi_attn {text-align:right}
.total td {font-weight:bold}
.passedodd td {background-color: #0A0}
.passedeven td {background-color: #3F3}
.skippedodd td {background-color: #CCC}
.skippedodd td {background-color: #DDD}
.failedodd td,.numi_attn {background-color: #F33}
.failedeven td,.stripe .numi_attn {background-color: #D00}
.stacktrace {white-space:pre;font-family:monospace}
.totop {font-size:85%;text-align:center;border-bottom:2px solid #000}
</style>
</head>
<body>
<table cellspacing="0" cellpadding="0" class="testOverview">
<tr><th>Test</th><th>Methods<br/>Passed</th><th>Scenarios<br/>Passed</th><th># skipped</th><th># failed</th><th>Total<br/>Time</th><th>Included<br/>Groups</th><th>Excluded<br/>Groups</th></tr>
<tr><td style="text-align:left;padding-right:2em"><a href="#t1">TestGC</a></td><td class="numi">3</td><td class="numi">3</td><td class="numi">0</td><td class="numi_attn">1</td><td class="numi">106.4 seconds</td><td class="numi"></td><td class="numi"></td></tr>
<tr class="stripe"><td style="text-align:left;padding-right:2em"><a href="#t2">TestFF</a></td><td class="numi">3</td><td class="numi">3</td><td class="numi">0</td><td class="numi_attn">1</td><td class="numi">147.6 seconds</td><td class="numi"></td><td class="numi"></td></tr>
<tr class="total"><td>Total</td>
<td class="numi">6</td><td class="numi">6</td><td class="numi">0</td><td class="numi_attn">2</td><td class="numi">147.6 seconds</td><td colspan="2">&nbsp;</td></tr>
</table>
<table cellspacing="0" cellpadding="0" class="methodOverview" id="summary">
<tr><th>Class</th><th>Method</th><th># of<br/>Scenarios</th><th>Start</th><th>Time<br/>(ms)</th></tr>
<tr id="t1"><th colspan="5">TestGC &#8212; failed</th></tr>
<tr class="failedodd"><td>scripts.AddCustomer</td><td><a href="#m1"><b>testAddCustomer</b>  </a></td><td class="numi">1</td><td>1633089321618</td><td class="numi">27866</td></tr>
<tr><th colspan="5">TestGC &#8212; passed</th></tr>
<tr class="passedodd"><td>scripts.InvalidLogin</td><td><a href="#m2"><b>testInvalidLogin</b>  </a></td><td class="numi">1</td><td>1633089290268</td><td class="numi">7788</td></tr>
<tr class="passedeven"><td>scripts.BlankLogin</td><td><a href="#m3"><b>testBlankLogin</b>  </a></td><td class="numi">1</td><td>1633089309500</td><td class="numi">1264</td></tr>
<tr class="passedodd"><td>scripts.ValidLogin</td><td><a href="#m4"><b>testValidLogin</b>  </a></td><td class="numi">1</td><td>1633089267224</td><td class="numi">10519</td></tr>
<tr id="t2"><th colspan="5">TestFF &#8212; failed</th></tr>
<tr class="failedodd"><td>scripts.AddCustomer</td><td><a href="#m5"><b>testAddCustomer</b>  </a></td><td class="numi">1</td><td>1633089360936</td><td class="numi">26930</td></tr>
<tr><th colspan="5">TestFF &#8212; passed</th></tr>
<tr class="passedodd"><td>scripts.InvalidLogin</td><td><a href="#m6"><b>testInvalidLogin</b>  </a></td><td class="numi">1</td><td>1633089307294</td><td class="numi">7703</td></tr>
<tr class="passedeven"><td>scripts.ValidLogin</td><td><a href="#m7"><b>testValidLogin</b>  </a></td><td class="numi">1</td><td>1633089280022</td><td class="numi">4033</td></tr>
<tr class="passedodd"><td>scripts.BlankLogin</td><td><a href="#m8"><b>testBlankLogin</b>  </a></td><td class="numi">1</td><td>1633089339713</td><td class="numi">1462</td></tr>
</table>
<h1>TestGC</h1>
<h2 id="m1">scripts.AddCustomer:testAddCustomer</h2>
<div>
<div class="stacktrace">org.openqa.selenium.NoSuchElementException: no such element: Unable to locate element: {&quot;method&quot;:&quot;xpath&quot;,&quot;selector&quot;:&quot;/html[1]/body[1]/div[3]/div[1]/div[2]/div[1]/div[2]/div[1]&quot;}
  (Session info: chrome=94.0.4606.61)
For documentation on this error, please visit: https://www.seleniumhq.org/exceptions/no_such_element.html
Build info: version: &apos;3.141.59&apos;, revision: &apos;e82be7d358&apos;, time: &apos;2018-11-14T08:25:48&apos;
System info: host: &apos;HOME&apos;, ip: &apos;192.168.1.11&apos;, os.name: &apos;Windows 8.1&apos;, os.arch: &apos;amd64&apos;, os.version: &apos;6.3&apos;, java.version: &apos;1.8.0_211&apos;
Driver info: org.openqa.selenium.chrome.ChromeDriver
Capabilities {acceptInsecureCerts: false, browserName: chrome, browserVersion: 94.0.4606.61, chrome: {chromedriverVersion: 94.0.4606.61 (418b78f5838ed..., userDataDir: C:\Users\ADMINI~1\AppData\L...}, goog:chromeOptions: {debuggerAddress: localhost:53186}, javascriptEnabled: true, networkConnectionEnabled: false, pageLoadStrategy: normal, platform: WINDOWS, platformName: WINDOWS, proxy: Proxy(), setWindowRect: true, strictFileInteractability: false, timeouts: {implicit: 0, pageLoad: 300000, script: 30000}, unhandledPromptBehavior: dismiss and notify, webauthn:extension:credBlob: true, webauthn:extension:largeBlob: true, webauthn:virtualAuthenticators: true}
Session ID: 101cf0116e32037e2843e266d6dfdd7c
*** Element info: {Using=xpath, value=/html[1]/body[1]/div[3]/div[1]/div[2]/div[1]/div[2]/div[1]}
	at org.openqa.selenium.remote.http.W3CHttpResponseCodec.createException(W3CHttpResponseCodec.java:187)
	at org.openqa.selenium.remote.http.W3CHttpResponseCodec.decode(W3CHttpResponseCodec.java:122)
	at org.openqa.selenium.remote.http.W3CHttpResponseCodec.decode(W3CHttpResponseCodec.java:49)
	at org.openqa.selenium.remote.HttpCommandExecutor.execute(HttpCommandExecutor.java:158)
	at org.openqa.selenium.remote.service.DriverCommandExecutor.execute(DriverCommandExecutor.java:83)
	at org.openqa.selenium.remote.RemoteWebDriver.execute(RemoteWebDriver.java:552)
	at org.openqa.selenium.remote.RemoteWebDriver.findElement(RemoteWebDriver.java:323)
	at org.openqa.selenium.remote.RemoteWebDriver.findElementByXPath(RemoteWebDriver.java:428)
	at org.openqa.selenium.By$ByXPath.findElement(By.java:353)
	at org.openqa.selenium.remote.RemoteWebDriver.findElement(RemoteWebDriver.java:315)
	at org.openqa.selenium.support.pagefactory.DefaultElementLocator.findElement(DefaultElementLocator.java:69)
	at org.openqa.selenium.support.pagefactory.internal.LocatingElementHandler.invoke(LocatingElementHandler.java:38)
	at com.sun.proxy.$Proxy9.isDisplayed(Unknown Source)
	at pom.AddCustomerPage.verifyMsg(AddCustomerPage.java:54)
	at scripts.AddCustomer.testAddCustomer(AddCustomer.java:37)
	at java.util.ArrayList.forEach(ArrayList.java:1257)
	at java.util.concurrent.FutureTask.run(FutureTask.java:266)
	at java.util.concurrent.ThreadPoolExecutor.runWorker(ThreadPoolExecutor.java:1149)
	at java.util.concurrent.ThreadPoolExecutor$Worker.run(ThreadPoolExecutor.java:624)
	at java.lang.Thread.run(Thread.java:748)
... Removed 22 stack frames</div>
</div>
<p class="totop"><a href="#summary">back to summary</a></p>
<h2 id="m2">scripts.InvalidLogin:testInvalidLogin</h2>
<div>
Wrong Username or Password<br/>
Invalid Login Successful - Test passed<br/>
Wrong Username or Password<br/>
Invalid Login Successful - Test passed<br/>
</div>
<p class="totop"><a href="#summary">back to summary</a></p>
<h2 id="m3">scripts.BlankLogin:testBlankLogin</h2>
<div>
null<br/>
null<br/>
PLEASE ENTER A USERNAME<br/>
PLEASE PROVIDE A PASSWORD<br/>
</div>
<p class="totop"><a href="#summary">back to summary</a></p>
<h2 id="m4">scripts.ValidLogin:testValidLogin</h2>
<div>
Valid Login Successful - Test passed<br/>
</div>
<p class="totop"><a href="#summary">back to summary</a></p>
<h1>TestFF</h1>
<h2 id="m5">scripts.AddCustomer:testAddCustomer</h2>
<div>
<div class="stacktrace">org.openqa.selenium.NoSuchElementException: Unable to locate element: /html[1]/body[1]/div[3]/div[1]/div[2]/div[1]/div[2]/div[1]
For documentation on this error, please visit: https://www.seleniumhq.org/exceptions/no_such_element.html
Build info: version: &apos;3.141.59&apos;, revision: &apos;e82be7d358&apos;, time: &apos;2018-11-14T08:25:48&apos;
System info: host: &apos;HOME&apos;, ip: &apos;192.168.1.11&apos;, os.name: &apos;Windows 8.1&apos;, os.arch: &apos;amd64&apos;, os.version: &apos;6.3&apos;, java.version: &apos;1.8.0_211&apos;
Driver info: org.openqa.selenium.firefox.FirefoxDriver
Capabilities {acceptInsecureCerts: true, browserName: firefox, browserVersion: 80.0.1, javascriptEnabled: true, moz:accessibilityChecks: false, moz:buildID: 20200831163820, moz:geckodriverVersion: 0.27.0, moz:headless: false, moz:processID: 5136, moz:profile: C:\Users\Administrator\AppD..., moz:shutdownTimeout: 60000, moz:useNonSpecCompliantPointerOrigin: false, moz:webdriverClick: true, pageLoadStrategy: normal, platform: WINDOWS, platformName: WINDOWS, platformVersion: 6.3, rotatable: false, setWindowRect: true, strictFileInteractability: false, timeouts: {implicit: 0, pageLoad: 300000, script: 30000}, unhandledPromptBehavior: dismiss and notify}
Session ID: c12cbdf2-3b53-430b-9780-d6fe30c80b47
*** Element info: {Using=xpath, value=/html[1]/body[1]/div[3]/div[1]/div[2]/div[1]/div[2]/div[1]}
	at org.openqa.selenium.remote.http.W3CHttpResponseCodec.createException(W3CHttpResponseCodec.java:187)
	at org.openqa.selenium.remote.http.W3CHttpResponseCodec.decode(W3CHttpResponseCodec.java:122)
	at org.openqa.selenium.remote.http.W3CHttpResponseCodec.decode(W3CHttpResponseCodec.java:49)
	at org.openqa.selenium.remote.HttpCommandExecutor.execute(HttpCommandExecutor.java:158)
	at org.openqa.selenium.remote.service.DriverCommandExecutor.execute(DriverCommandExecutor.java:83)
	at org.openqa.selenium.remote.RemoteWebDriver.execute(RemoteWebDriver.java:552)
	at org.openqa.selenium.remote.RemoteWebDriver.findElement(RemoteWebDriver.java:323)
	at org.openqa.selenium.remote.RemoteWebDriver.findElementByXPath(RemoteWebDriver.java:428)
	at org.openqa.selenium.By$ByXPath.findElement(By.java:353)
	at org.openqa.selenium.remote.RemoteWebDriver.findElement(RemoteWebDriver.java:315)
	at org.openqa.selenium.support.pagefactory.DefaultElementLocator.findElement(DefaultElementLocator.java:69)
	at org.openqa.selenium.support.pagefactory.internal.LocatingElementHandler.invoke(LocatingElementHandler.java:38)
	at com.sun.proxy.$Proxy9.isDisplayed(Unknown Source)
	at pom.AddCustomerPage.verifyMsg(AddCustomerPage.java:54)
	at scripts.AddCustomer.testAddCustomer(AddCustomer.java:37)
	at java.util.ArrayList.forEach(ArrayList.java:1257)
	at java.util.concurrent.FutureTask.run(FutureTask.java:266)
	at java.util.concurrent.ThreadPoolExecutor.runWorker(ThreadPoolExecutor.java:1149)
	at java.util.concurrent.ThreadPoolExecutor$Worker.run(ThreadPoolExecutor.java:624)
	at java.lang.Thread.run(Thread.java:748)
... Removed 22 stack frames</div>
</div>
<p class="totop"><a href="#summary">back to summary</a></p>
<h2 id="m6">scripts.InvalidLogin:testInvalidLogin</h2>
<div>
Wrong Username or Password<br/>
Invalid Login Successful - Test passed<br/>
Wrong Username or Password<br/>
Invalid Login Successful - Test passed<br/>
</div>
<p class="totop"><a href="#summary">back to summary</a></p>
<h2 id="m7">scripts.ValidLogin:testValidLogin</h2>
<div>
Valid Login Successful - Test passed<br/>
</div>
<p class="totop"><a href="#summary">back to summary</a></p>
<h2 id="m8">scripts.BlankLogin:testBlankLogin</h2>
<div>
null<br/>
null<br/>
PLEASE ENTER A USERNAME<br/>
PLEASE PROVIDE A PASSWORD<br/>
</div>
<p class="totop"><a href="#summary">back to summary</a></p>
</body></html>
